\BOOKMARK [1][-]{section.1}{\376\377\174\041\116\313}{}% 1
\BOOKMARK [1][-]{section.2}{\376\377\000N\000e\000o\0004\000j\000\040\165\042\124\301\202\007\147\015\122\331}{}% 2
\BOOKMARK [2][-]{subsection.2.1}{\376\377\117\177\165\050\166\204\000\040\000N\000e\000o\0004\000j\000\040\165\042\124\301}{section.2}% 3
\BOOKMARK [2][-]{subsection.2.2}{\376\377\142\200\210\123\147\266\151\313}{section.2}% 4
\BOOKMARK [1][-]{section.3}{\376\377\123\237\131\313\214\307\145\231\150\074\137\017\202\007\117\206\156\220}{}% 5
\BOOKMARK [2][-]{subsection.3.1}{\376\377\214\307\145\231\117\206\156\220}{section.3}% 6
\BOOKMARK [2][-]{subsection.3.2}{\376\377\123\237\131\313\214\307\145\231\150\074\137\017}{section.3}% 7
\BOOKMARK [1][-]{section.4}{\376\377\127\026\137\142\214\307\145\231\152\041\127\213\212\055\212\010}{}% 8
\BOOKMARK [2][-]{subsection.4.1}{\376\377\150\070\137\303\173\300\236\336\377\010\000N\000o\000d\000e\000s\377\011}{section.4}% 9
\BOOKMARK [2][-]{subsection.4.2}{\376\377\150\070\137\303\225\334\117\302\377\010\000R\000e\000l\000a\000t\000i\000o\000n\000s\000h\000i\000p\000s\377\011}{section.4}% 10
\BOOKMARK [1][-]{section.5}{\376\377\150\070\137\303\122\006\147\220\122\237\200\375\202\007\173\304\117\213\147\345\212\142}{}% 11
\BOOKMARK [2][-]{subsection.5.1}{\376\377\214\307\133\211\157\017\155\036\122\006\147\220\377\010\000S\000e\000c\000u\000r\000i\000t\000y\000\040\000V\000u\000l\000n\000e\000r\000a\000b\000i\000l\000i\000t\000y\000\040\000A\000n\000a\000l\000y\000s\000i\000s\377\011}{section.5}% 12
\BOOKMARK [2][-]{subsection.5.2}{\376\377\145\105\226\234\210\135\144\312\122\006\147\220\377\010\000F\000a\000i\000l\000u\000r\000e\000\040\000I\000m\000p\000a\000c\000t\000\040\000A\000n\000a\000l\000y\000s\000i\000s\377\011}{section.5}% 13
\BOOKMARK [2][-]{subsection.5.3}{\376\377\142\020\147\054\121\052\123\026\122\006\147\220\377\010\000C\000o\000s\000t\000\040\000O\000p\000t\000i\000m\000i\000z\000a\000t\000i\000o\000n\000\040\000A\000n\000a\000l\000y\000s\000i\000s\377\011}{section.5}% 14
\BOOKMARK [1][-]{section.6}{\376\377\174\373\175\161\116\313\227\142\202\007\144\315\117\134\173\304\117\213}{}% 15
\BOOKMARK [2][-]{subsection.6.1}{\376\377\124\175\116\344\210\114\116\313\227\142}{section.6}% 16
\BOOKMARK [2][-]{subsection.6.2}{\376\377\122\006\147\220\175\120\147\234\173\304\117\213}{section.6}% 17
\BOOKMARK [1][-]{section.7}{\376\377\133\346\117\134\211\201\236\336}{}% 18
\BOOKMARK [2][-]{subsection.7.1}{\376\377\144\367\123\326\202\007\217\011\121\145}{section.7}% 19
\BOOKMARK [2][-]{subsection.7.2}{\376\377\147\345\212\142\145\110\200\375}{section.7}% 20
\BOOKMARK [1][-]{section.8}{\376\377\175\120\212\326}{}% 21
